<?xml version="1.0" encoding="UTF-8"?>
<testng-results ignored="0" total="1" passed="1" failed="0" skipped="0">
  <reporter-output>
  </reporter-output>
  <suite started-at="2022-05-30T10:38:41 IST" name="Default suite" finished-at="2022-05-30T10:38:48 IST" duration-ms="7649">
    <groups>
    </groups>
    <test started-at="2022-05-30T10:38:41 IST" name="Default test" finished-at="2022-05-30T10:38:48 IST" duration-ms="7649">
      <class name="iFrames.iFrames">
        <test-method signature="SingleiFrame()[pri:1, instance:iFrames.iFrames@55634720]" started-at="2022-05-30T10:38:41 IST" name="SingleiFrame" finished-at="2022-05-30T10:38:48 IST" duration-ms="7587" status="PASS">
          <reporter-output>
          </reporter-output>
        </test-method> <!-- SingleiFrame -->
      </class> <!-- iFrames.iFrames -->
    </test> <!-- Default test -->
  </suite> <!-- Default suite -->
</testng-results>
